<?xml version="1.0" encoding="UTF-8"?>
<testsuite name="com.bridgelabz_parkinglot.ParkingLotTest" tests="1" skipped="0" failures="0" errors="0" timestamp="2021-11-10T16:57:10" hostname="DESKTOP-U9VT6NQ" time="0.134">
  <properties/>
  <testcase name="givenCapacityIs2_ShouldBeAbleToPark2Vehicles()" classname="com.bridgelabz_parkinglot.ParkingLotTest" time="0.134"/>
  <system-out><![CDATA[]]></system-out>
  <system-err><![CDATA[]]></system-err>
</testsuite>
