<?xml version="1.0" encoding="UTF-8"?>
<testsuite name="com.bridgelabz_parkinglot.ParkingLotTest" tests="1" skipped="0" failures="0" errors="0" timestamp="2021-11-09T20:15:10" hostname="DESKTOP-U9VT6NQ" time="0.137">
  <properties/>
  <testcase name="givenAVehicle_WhenParked_ShouldReturnTrue()" classname="com.bridgelabz_parkinglot.ParkingLotTest" time="0.137"/>
  <system-out><![CDATA[]]></system-out>
  <system-err><![CDATA[]]></system-err>
</testsuite>
